
> rest-express@1.0.0 dev
> cross-env NODE_ENV=development tsx server/index.ts

âš ï¸ No DATABASE_URL found, using mock database
âœ… Database connection established
âœ… IPFS service initialized
âœ… Blockchain service initialized
âœ… All routes registered successfully
ğŸ”Œ WebSocket server ready on /ws
06:23:53 AM [express] ğŸš€ SpeakSecure server running on port 5000
06:23:53 AM [express] ğŸ“¡ API endpoints available at http://localhost:5000/api
06:23:53 AM [express] ğŸ”Œ WebSocket server available at ws://localhost:5000/ws
06:23:53 AM [express] ğŸ” Zero-Knowledge Identity service: ACTIVE
06:23:53 AM [express] ğŸ”’ Encryption service: ACTIVE
06:23:53 AM [express] ğŸ“ IPFS storage service: FALLBACK
06:23:53 AM [express] â›“ï¸  Blockchain service: FALLBACK
06:23:53 AM [express] ğŸš¨ Emergency service: ACTIVE
06:23:53 AM [express] ğŸŒ Multi-language support: ACTIVE
Error:   Failed to scan for dependencies from entries:
  /home/runner/workspace/client/index.html

  âœ˜ [ERROR] No matching export in "client/src/hooks/use-zk-identity.ts" for import "useZKIdentity"

    client/src/components/emergency-modal.tsx:11:9:
      11 â”‚ import { useZKIdentity } from '@/hooks/use-zk-identity';
         â”‚          ~~~~~~~~~~~~~
         â•µ          useZkIdentity

  Did you mean to import "useZkIdentity" instead?

    client/src/hooks/use-zk-identity.ts:23:16:
      23 â”‚ export function useZkIdentity() {
         â•µ                 ~~~~~~~~~~~~~


âœ˜ [ERROR] No matching export in "client/src/lib/zk-identity.ts" for import "generateZKIdentity"

    client/src/components/emergency-modal.tsx:13:9:
      13 â”‚ import { generateZKIdentity } from '@/lib/zk-identity';
         â”‚          ~~~~~~~~~~~~~~~~~~
         â•µ          generateZkIdentity

  Did you mean to import "generateZkIdentity" instead?

    client/src/lib/zk-identity.ts:21:22:
      21 â”‚ export async function generateZkIdentity(): Promise<ZkIdentity> {
         â•µ                       ~~~~~~~~~~~~~~~~~~


    at failureErrorWithLog (/home/runner/workspace/node_modules/vite/node_modules/esbuild/lib/main.js:1472:15)
    at /home/runner/workspace/node_modules/vite/node_modules/esbuild/lib/main.js:945:25
    at runOnEndCallbacks (/home/runner/workspace/node_modules/vite/node_modules/esbuild/lib/main.js:1315:45)
    at buildResponseToResult (/home/runner/workspace/node_modules/vite/node_modules/esbuild/lib/main.js:943:7)
    at /home/runner/workspace/node_modules/vite/node_modules/esbuild/lib/main.js:955:9
    at new Promise (<anonymous>)
    at requestCallbacks.on-end (/home/runner/workspace/node_modules/vite/node_modules/esbuild/lib/main.js:954:54)
    at handleRequest (/home/runner/workspace/node_modules/vite/node_modules/esbuild/lib/main.js:647:17)
    at handleIncomingPacket (/home/runner/workspace/node_modules/vite/node_modules/esbuild/lib/main.js:672:7)
    at Socket.readFromStdout (/home/runner/workspace/node_modules/vite/node_modules/esbuild/lib/main.js:600:7)
